{"C:\\Users\\letor\\Documents\\Projects\\reflections-app\\src\\App.tsx": {"path":"C:\\Users\\letor\\Documents\\Projects\\reflections-app\\src\\App.tsx","all":false,"statementMap":{"0":{"start":{"line":1,"column":0},"end":{"line":1,"column":44}},"2":{"start":{"line":3,"column":0},"end":{"line":3,"column":19}},"3":{"start":{"line":4,"column":0},"end":{"line":4,"column":52}},"4":{"start":{"line":5,"column":0},"end":{"line":5,"column":52}},"5":{"start":{"line":6,"column":0},"end":{"line":6,"column":50}},"6":{"start":{"line":7,"column":0},"end":{"line":7,"column":48}},"9":{"start":{"line":10,"column":0},"end":{"line":10,"column":57}},"11":{"start":{"line":12,"column":0},"end":{"line":12,"column":16}},"12":{"start":{"line":13,"column":0},"end":{"line":13,"column":67}},"13":{"start":{"line":14,"column":0},"end":{"line":14,"column":68}},"15":{"start":{"line":16,"column":0},"end":{"line":16,"column":28}},"16":{"start":{"line":17,"column":0},"end":{"line":17,"column":57}},"18":{"start":{"line":19,"column":0},"end":{"line":19,"column":19}},"19":{"start":{"line":20,"column":0},"end":{"line":20,"column":36}},"20":{"start":{"line":21,"column":0},"end":{"line":21,"column":9}},"21":{"start":{"line":22,"column":0},"end":{"line":22,"column":10}},"22":{"start":{"line":23,"column":0},"end":{"line":23,"column":6}},"23":{"start":{"line":24,"column":0},"end":{"line":24,"column":16}},"24":{"start":{"line":25,"column":0},"end":{"line":25,"column":31}},"25":{"start":{"line":26,"column":0},"end":{"line":26,"column":14}},"26":{"start":{"line":27,"column":0},"end":{"line":27,"column":35}},"27":{"start":{"line":28,"column":0},"end":{"line":28,"column":33}},"28":{"start":{"line":29,"column":0},"end":{"line":29,"column":34}},"29":{"start":{"line":30,"column":0},"end":{"line":30,"column":10}},"30":{"start":{"line":31,"column":0},"end":{"line":31,"column":48}},"31":{"start":{"line":32,"column":0},"end":{"line":32,"column":12}},"32":{"start":{"line":33,"column":0},"end":{"line":33,"column":16}},"33":{"start":{"line":34,"column":0},"end":{"line":34,"column":7}},"35":{"start":{"line":36,"column":0},"end":{"line":36,"column":1}},"37":{"start":{"line":38,"column":0},"end":{"line":38,"column":19}}},"s":{"0":1,"2":1,"3":1,"4":1,"5":1,"6":1,"9":1,"11":2,"12":2,"13":2,"15":2,"16":2,"18":2,"19":1,"20":2,"21":2,"22":2,"23":2,"24":2,"25":2,"26":2,"27":2,"28":2,"29":2,"30":2,"31":2,"32":2,"33":2,"35":2,"37":1},"branchMap":{"0":{"type":"branch","line":12,"loc":{"start":{"line":12,"column":0},"end":{"line":36,"column":1}},"locations":[{"start":{"line":12,"column":0},"end":{"line":36,"column":1}}]},"1":{"type":"branch","line":17,"loc":{"start":{"line":17,"column":21},"end":{"line":17,"column":47}},"locations":[{"start":{"line":17,"column":21},"end":{"line":17,"column":47}}]},"2":{"type":"branch","line":19,"loc":{"start":{"line":19,"column":12},"end":{"line":21,"column":5}},"locations":[{"start":{"line":19,"column":12},"end":{"line":21,"column":5}}]}},"b":{"0":[2],"1":[3],"2":[1]},"fnMap":{"0":{"name":"App","decl":{"start":{"line":12,"column":0},"end":{"line":36,"column":1}},"loc":{"start":{"line":12,"column":0},"end":{"line":36,"column":1}},"line":12}},"f":{"0":2}}
,"C:\\Users\\letor\\Documents\\Projects\\reflections-app\\src\\main.tsx": {"path":"C:\\Users\\letor\\Documents\\Projects\\reflections-app\\src\\main.tsx","all":true,"statementMap":{"0":{"start":{"line":1,"column":0},"end":{"line":1,"column":34}},"1":{"start":{"line":2,"column":0},"end":{"line":2,"column":45}},"2":{"start":{"line":3,"column":0},"end":{"line":3,"column":20}},"3":{"start":{"line":4,"column":0},"end":{"line":4,"column":27}},"5":{"start":{"line":6,"column":0},"end":{"line":6,"column":52}},"6":{"start":{"line":7,"column":0},"end":{"line":7,"column":14}},"7":{"start":{"line":8,"column":0},"end":{"line":8,"column":11}},"8":{"start":{"line":9,"column":0},"end":{"line":9,"column":16}},"9":{"start":{"line":10,"column":0},"end":{"line":10,"column":1}}},"s":{"0":0,"1":0,"2":0,"3":0,"5":0,"6":0,"7":0,"8":0,"9":0},"branchMap":{"0":{"type":"branch","line":1,"loc":{"start":{"line":1,"column":203},"end":{"line":10,"column":-148}},"locations":[{"start":{"line":1,"column":203},"end":{"line":10,"column":-148}}]}},"b":{"0":[0]},"fnMap":{"0":{"name":"(empty-report)","decl":{"start":{"line":1,"column":203},"end":{"line":10,"column":-148}},"loc":{"start":{"line":1,"column":203},"end":{"line":10,"column":-148}},"line":1}},"f":{"0":0}}
,"C:\\Users\\letor\\Documents\\Projects\\reflections-app\\src\\components\\Reflection\\ReflectionDetail.tsx": {"path":"C:\\Users\\letor\\Documents\\Projects\\reflections-app\\src\\components\\Reflection\\ReflectionDetail.tsx","all":false,"statementMap":{"1":{"start":{"line":2,"column":0},"end":{"line":2,"column":51}},"7":{"start":{"line":8,"column":0},"end":{"line":8,"column":57}},"8":{"start":{"line":9,"column":0},"end":{"line":9,"column":10}},"9":{"start":{"line":10,"column":0},"end":{"line":10,"column":6}},"10":{"start":{"line":11,"column":0},"end":{"line":11,"column":47}},"11":{"start":{"line":12,"column":0},"end":{"line":12,"column":35}},"12":{"start":{"line":13,"column":0},"end":{"line":13,"column":53}},"13":{"start":{"line":14,"column":0},"end":{"line":14,"column":12}},"14":{"start":{"line":15,"column":0},"end":{"line":15,"column":56}},"15":{"start":{"line":16,"column":0},"end":{"line":16,"column":63}},"16":{"start":{"line":17,"column":0},"end":{"line":17,"column":26}},"17":{"start":{"line":18,"column":0},"end":{"line":18,"column":18}},"18":{"start":{"line":19,"column":0},"end":{"line":19,"column":18}},"19":{"start":{"line":20,"column":0},"end":{"line":20,"column":18}},"20":{"start":{"line":21,"column":0},"end":{"line":21,"column":17}},"21":{"start":{"line":22,"column":0},"end":{"line":22,"column":11}},"22":{"start":{"line":23,"column":0},"end":{"line":23,"column":10}},"23":{"start":{"line":24,"column":0},"end":{"line":24,"column":7}},"25":{"start":{"line":26,"column":0},"end":{"line":26,"column":1}}},"s":{"1":1,"7":1,"8":1,"9":1,"10":1,"11":1,"12":1,"13":1,"14":1,"15":1,"16":1,"17":1,"18":1,"19":1,"20":1,"21":1,"22":1,"23":1,"25":1},"branchMap":{"0":{"type":"branch","line":8,"loc":{"start":{"line":8,"column":7},"end":{"line":26,"column":1}},"locations":[{"start":{"line":8,"column":7},"end":{"line":26,"column":1}}]},"1":{"type":"branch","line":16,"loc":{"start":{"line":16,"column":47},"end":{"line":21,"column":17}},"locations":[{"start":{"line":16,"column":47},"end":{"line":21,"column":17}}]}},"b":{"0":[1],"1":[1]},"fnMap":{"0":{"name":"ReflectionDetail","decl":{"start":{"line":8,"column":7},"end":{"line":26,"column":1}},"loc":{"start":{"line":8,"column":7},"end":{"line":26,"column":1}},"line":8}},"f":{"0":1}}
,"C:\\Users\\letor\\Documents\\Projects\\reflections-app\\src\\components\\Reflection\\ReflectionItem.tsx": {"path":"C:\\Users\\letor\\Documents\\Projects\\reflections-app\\src\\components\\Reflection\\ReflectionItem.tsx","all":false,"statementMap":{"1":{"start":{"line":2,"column":0},"end":{"line":2,"column":49}},"9":{"start":{"line":10,"column":0},"end":{"line":10,"column":77}},"10":{"start":{"line":11,"column":0},"end":{"line":11,"column":30}},"11":{"start":{"line":12,"column":0},"end":{"line":12,"column":48}},"12":{"start":{"line":13,"column":0},"end":{"line":13,"column":4}},"13":{"start":{"line":14,"column":0},"end":{"line":14,"column":10}},"14":{"start":{"line":15,"column":0},"end":{"line":15,"column":7}},"15":{"start":{"line":16,"column":0},"end":{"line":16,"column":45}},"16":{"start":{"line":17,"column":0},"end":{"line":17,"column":41}},"17":{"start":{"line":18,"column":0},"end":{"line":18,"column":9}},"18":{"start":{"line":19,"column":0},"end":{"line":19,"column":18}},"19":{"start":{"line":20,"column":0},"end":{"line":20,"column":28}},"20":{"start":{"line":21,"column":0},"end":{"line":21,"column":25}},"21":{"start":{"line":22,"column":0},"end":{"line":22,"column":32}},"22":{"start":{"line":23,"column":0},"end":{"line":23,"column":25}},"23":{"start":{"line":24,"column":0},"end":{"line":24,"column":9}},"24":{"start":{"line":25,"column":0},"end":{"line":25,"column":8}},"25":{"start":{"line":26,"column":0},"end":{"line":26,"column":19}},"26":{"start":{"line":27,"column":0},"end":{"line":27,"column":37}},"27":{"start":{"line":28,"column":0},"end":{"line":28,"column":31}},"29":{"start":{"line":30,"column":0},"end":{"line":30,"column":68}},"30":{"start":{"line":31,"column":0},"end":{"line":31,"column":41}},"31":{"start":{"line":32,"column":0},"end":{"line":32,"column":9}},"33":{"start":{"line":34,"column":0},"end":{"line":34,"column":1}}},"s":{"1":1,"9":1,"10":11,"11":4,"12":4,"13":11,"14":11,"15":11,"16":11,"17":11,"18":11,"19":11,"20":11,"21":1,"22":1,"23":1,"24":1,"25":11,"26":11,"27":11,"29":11,"30":11,"31":11,"33":11},"branchMap":{"0":{"type":"branch","line":10,"loc":{"start":{"line":10,"column":7},"end":{"line":34,"column":1}},"locations":[{"start":{"line":10,"column":7},"end":{"line":34,"column":1}}]},"1":{"type":"branch","line":17,"loc":{"start":{"line":17,"column":8},"end":{"line":17,"column":39}},"locations":[{"start":{"line":17,"column":8},"end":{"line":17,"column":39}}]},"2":{"type":"branch","line":17,"loc":{"start":{"line":17,"column":28},"end":{"line":17,"column":41}},"locations":[{"start":{"line":17,"column":28},"end":{"line":17,"column":41}}]},"3":{"type":"branch","line":11,"loc":{"start":{"line":11,"column":23},"end":{"line":13,"column":4}},"locations":[{"start":{"line":11,"column":23},"end":{"line":13,"column":4}}]},"4":{"type":"branch","line":12,"loc":{"start":{"line":12,"column":13},"end":{"line":12,"column":33}},"locations":[{"start":{"line":12,"column":13},"end":{"line":12,"column":33}}]},"5":{"type":"branch","line":12,"loc":{"start":{"line":12,"column":26},"end":{"line":12,"column":46}},"locations":[{"start":{"line":12,"column":26},"end":{"line":12,"column":46}}]},"6":{"type":"branch","line":21,"loc":{"start":{"line":21,"column":17},"end":{"line":25,"column":8}},"locations":[{"start":{"line":21,"column":17},"end":{"line":25,"column":8}}]}},"b":{"0":[11],"1":[2],"2":[9],"3":[4],"4":[1],"5":[3],"6":[1]},"fnMap":{"0":{"name":"ReflectionItem","decl":{"start":{"line":10,"column":7},"end":{"line":34,"column":1}},"loc":{"start":{"line":10,"column":7},"end":{"line":34,"column":1}},"line":10},"1":{"name":"handleToggle","decl":{"start":{"line":11,"column":23},"end":{"line":13,"column":4}},"loc":{"start":{"line":11,"column":23},"end":{"line":13,"column":4}},"line":11},"2":{"name":"onKeyDown","decl":{"start":{"line":21,"column":17},"end":{"line":25,"column":8}},"loc":{"start":{"line":21,"column":17},"end":{"line":25,"column":8}},"line":21}},"f":{"0":11,"1":4,"2":1}}
,"C:\\Users\\letor\\Documents\\Projects\\reflections-app\\src\\components\\layout\\Aside.tsx": {"path":"C:\\Users\\letor\\Documents\\Projects\\reflections-app\\src\\components\\layout\\Aside.tsx","all":false,"statementMap":{"1":{"start":{"line":2,"column":0},"end":{"line":2,"column":62}},"2":{"start":{"line":3,"column":0},"end":{"line":3,"column":41}},"10":{"start":{"line":11,"column":0},"end":{"line":11,"column":69}},"11":{"start":{"line":12,"column":0},"end":{"line":12,"column":10}},"12":{"start":{"line":13,"column":0},"end":{"line":13,"column":11}},"13":{"start":{"line":14,"column":0},"end":{"line":14,"column":11}},"14":{"start":{"line":15,"column":0},"end":{"line":15,"column":28}},"15":{"start":{"line":16,"column":0},"end":{"line":16,"column":12}},"16":{"start":{"line":17,"column":0},"end":{"line":17,"column":44}},"17":{"start":{"line":18,"column":0},"end":{"line":18,"column":20}},"18":{"start":{"line":19,"column":0},"end":{"line":19,"column":29}},"19":{"start":{"line":20,"column":0},"end":{"line":20,"column":35}},"20":{"start":{"line":21,"column":0},"end":{"line":21,"column":39}},"21":{"start":{"line":22,"column":0},"end":{"line":22,"column":35}},"22":{"start":{"line":23,"column":0},"end":{"line":23,"column":57}},"23":{"start":{"line":24,"column":0},"end":{"line":24,"column":16}},"25":{"start":{"line":26,"column":0},"end":{"line":26,"column":13}},"26":{"start":{"line":27,"column":0},"end":{"line":27,"column":13}},"27":{"start":{"line":28,"column":0},"end":{"line":28,"column":12}},"28":{"start":{"line":29,"column":0},"end":{"line":29,"column":40}},"29":{"start":{"line":30,"column":0},"end":{"line":30,"column":39}},"30":{"start":{"line":31,"column":0},"end":{"line":31,"column":12}},"31":{"start":{"line":32,"column":0},"end":{"line":32,"column":12}},"33":{"start":{"line":34,"column":0},"end":{"line":34,"column":1}}},"s":{"1":1,"2":1,"10":1,"11":3,"12":3,"13":3,"14":3,"15":3,"16":3,"17":4,"18":4,"19":4,"20":4,"21":4,"22":4,"23":4,"25":3,"26":3,"27":3,"28":3,"29":3,"30":3,"31":3,"33":3},"branchMap":{"0":{"type":"branch","line":11,"loc":{"start":{"line":11,"column":7},"end":{"line":34,"column":1}},"locations":[{"start":{"line":11,"column":7},"end":{"line":34,"column":1}}]},"1":{"type":"branch","line":17,"loc":{"start":{"line":17,"column":27},"end":{"line":26,"column":11}},"locations":[{"start":{"line":17,"column":27},"end":{"line":26,"column":11}}]}},"b":{"0":[3],"1":[4]},"fnMap":{"0":{"name":"Aside","decl":{"start":{"line":11,"column":7},"end":{"line":34,"column":1}},"loc":{"start":{"line":11,"column":7},"end":{"line":34,"column":1}},"line":11}},"f":{"0":3}}
,"C:\\Users\\letor\\Documents\\Projects\\reflections-app\\src\\components\\layout\\Footer.tsx": {"path":"C:\\Users\\letor\\Documents\\Projects\\reflections-app\\src\\components\\layout\\Footer.tsx","all":false,"statementMap":{"0":{"start":{"line":1,"column":0},"end":{"line":1,"column":26}},"1":{"start":{"line":2,"column":0},"end":{"line":2,"column":10}},"2":{"start":{"line":3,"column":0},"end":{"line":3,"column":12}},"3":{"start":{"line":4,"column":0},"end":{"line":4,"column":37}},"4":{"start":{"line":5,"column":0},"end":{"line":5,"column":13}},"6":{"start":{"line":7,"column":0},"end":{"line":7,"column":1}}},"s":{"0":1,"1":2,"2":2,"3":2,"4":2,"6":2},"branchMap":{"0":{"type":"branch","line":1,"loc":{"start":{"line":1,"column":7},"end":{"line":7,"column":1}},"locations":[{"start":{"line":1,"column":7},"end":{"line":7,"column":1}}]}},"b":{"0":[2]},"fnMap":{"0":{"name":"Footer","decl":{"start":{"line":1,"column":7},"end":{"line":7,"column":1}},"loc":{"start":{"line":1,"column":7},"end":{"line":7,"column":1}},"line":1}},"f":{"0":2}}
,"C:\\Users\\letor\\Documents\\Projects\\reflections-app\\src\\components\\layout\\Header.tsx": {"path":"C:\\Users\\letor\\Documents\\Projects\\reflections-app\\src\\components\\layout\\Header.tsx","all":false,"statementMap":{"0":{"start":{"line":1,"column":0},"end":{"line":1,"column":29}},"2":{"start":{"line":3,"column":0},"end":{"line":3,"column":26}},"3":{"start":{"line":4,"column":0},"end":{"line":4,"column":10}},"4":{"start":{"line":5,"column":0},"end":{"line":5,"column":12}},"5":{"start":{"line":6,"column":0},"end":{"line":6,"column":30}},"6":{"start":{"line":7,"column":0},"end":{"line":7,"column":13}},"8":{"start":{"line":9,"column":0},"end":{"line":9,"column":1}}},"s":{"0":1,"2":1,"3":2,"4":2,"5":2,"6":2,"8":2},"branchMap":{"0":{"type":"branch","line":3,"loc":{"start":{"line":3,"column":7},"end":{"line":9,"column":1}},"locations":[{"start":{"line":3,"column":7},"end":{"line":9,"column":1}}]}},"b":{"0":[2]},"fnMap":{"0":{"name":"Header","decl":{"start":{"line":3,"column":7},"end":{"line":9,"column":1}},"loc":{"start":{"line":3,"column":7},"end":{"line":9,"column":1}},"line":3}},"f":{"0":2}}
,"C:\\Users\\letor\\Documents\\Projects\\reflections-app\\src\\components\\layout\\Main.tsx": {"path":"C:\\Users\\letor\\Documents\\Projects\\reflections-app\\src\\components\\layout\\Main.tsx","all":false,"statementMap":{"1":{"start":{"line":2,"column":0},"end":{"line":2,"column":66}},"7":{"start":{"line":8,"column":0},"end":{"line":8,"column":45}},"8":{"start":{"line":9,"column":0},"end":{"line":9,"column":10}},"9":{"start":{"line":10,"column":0},"end":{"line":10,"column":10}},"10":{"start":{"line":11,"column":0},"end":{"line":11,"column":75}},"11":{"start":{"line":12,"column":0},"end":{"line":12,"column":11}},"13":{"start":{"line":14,"column":0},"end":{"line":14,"column":1}}},"s":{"1":1,"7":1,"8":2,"9":2,"10":2,"11":2,"13":2},"branchMap":{"0":{"type":"branch","line":8,"loc":{"start":{"line":8,"column":7},"end":{"line":14,"column":1}},"locations":[{"start":{"line":8,"column":7},"end":{"line":14,"column":1}}]},"1":{"type":"branch","line":11,"loc":{"start":{"line":11,"column":7},"end":{"line":11,"column":67}},"locations":[{"start":{"line":11,"column":7},"end":{"line":11,"column":67}}]}},"b":{"0":[2],"1":[0]},"fnMap":{"0":{"name":"Main","decl":{"start":{"line":8,"column":7},"end":{"line":14,"column":1}},"loc":{"start":{"line":8,"column":7},"end":{"line":14,"column":1}},"line":8}},"f":{"0":2}}
,"C:\\Users\\letor\\Documents\\Projects\\reflections-app\\src\\data\\mockReflections.ts": {"path":"C:\\Users\\letor\\Documents\\Projects\\reflections-app\\src\\data\\mockReflections.ts","all":false,"statementMap":{"2":{"start":{"line":3,"column":0},"end":{"line":3,"column":46}},"3":{"start":{"line":4,"column":0},"end":{"line":4,"column":3}},"4":{"start":{"line":5,"column":0},"end":{"line":5,"column":13}},"5":{"start":{"line":6,"column":0},"end":{"line":6,"column":45}},"6":{"start":{"line":7,"column":0},"end":{"line":7,"column":44}},"7":{"start":{"line":8,"column":0},"end":{"line":8,"column":44}},"8":{"start":{"line":9,"column":0},"end":{"line":9,"column":14}},"14":{"start":{"line":15,"column":0},"end":{"line":15,"column":13}},"15":{"start":{"line":16,"column":0},"end":{"line":16,"column":4}},"16":{"start":{"line":17,"column":0},"end":{"line":17,"column":3}},"17":{"start":{"line":18,"column":0},"end":{"line":18,"column":13}},"18":{"start":{"line":19,"column":0},"end":{"line":19,"column":44}},"19":{"start":{"line":20,"column":0},"end":{"line":20,"column":44}},"20":{"start":{"line":21,"column":0},"end":{"line":21,"column":44}},"21":{"start":{"line":22,"column":0},"end":{"line":22,"column":14}},"27":{"start":{"line":28,"column":0},"end":{"line":28,"column":13}},"28":{"start":{"line":29,"column":0},"end":{"line":29,"column":4}},"29":{"start":{"line":30,"column":0},"end":{"line":30,"column":3}},"30":{"start":{"line":31,"column":0},"end":{"line":31,"column":13}},"31":{"start":{"line":32,"column":0},"end":{"line":32,"column":43}},"32":{"start":{"line":33,"column":0},"end":{"line":33,"column":44}},"33":{"start":{"line":34,"column":0},"end":{"line":34,"column":44}},"34":{"start":{"line":35,"column":0},"end":{"line":35,"column":14}},"40":{"start":{"line":41,"column":0},"end":{"line":41,"column":13}},"41":{"start":{"line":42,"column":0},"end":{"line":42,"column":4}},"42":{"start":{"line":43,"column":0},"end":{"line":43,"column":2}}},"s":{"2":1,"3":1,"4":1,"5":1,"6":1,"7":1,"8":1,"14":1,"15":1,"16":1,"17":1,"18":1,"19":1,"20":1,"21":1,"27":1,"28":1,"29":1,"30":1,"31":1,"32":1,"33":1,"34":1,"40":1,"41":1,"42":1},"branchMap":{},"b":{},"fnMap":{},"f":{}}
,"C:\\Users\\letor\\Documents\\Projects\\reflections-app\\src\\types\\Reflection.ts": {"path":"C:\\Users\\letor\\Documents\\Projects\\reflections-app\\src\\types\\Reflection.ts","all":true,"statementMap":{},"s":{},"branchMap":{"0":{"type":"branch","line":1,"loc":{"start":{"line":1,"column":131},"end":{"line":7,"column":2}},"locations":[{"start":{"line":1,"column":131},"end":{"line":7,"column":2}}]}},"b":{"0":[1]},"fnMap":{"0":{"name":"(empty-report)","decl":{"start":{"line":1,"column":131},"end":{"line":7,"column":2}},"loc":{"start":{"line":1,"column":131},"end":{"line":7,"column":2}},"line":1}},"f":{"0":1}}
}
